[2020-04-30 22:33:14] [AUTO CLEAN UP][Packages: on]
[2020-04-30 22:33:14] [AUTO CLEAN UP][Cache: off]
[2019-12-19 22:58:57] [AUTO CLEAN UP][Packages: on]
[2019-12-19 22:58:57] [AUTO CLEAN UP][Cache: off]
[2019-12-19 22:33:29] [AUTO CLEAN UP][Packages: on]
[2019-12-19 22:33:29] [AUTO CLEAN UP][Cache: off]
[2019-12-19 22:32:26] [COLOR red][Success]  3 Files Removed From /storage/emulated/0/Android/data/org.xbmc.kodi/files/.kodi/temp/archive_cache [/COLOR]
[2019-12-19 22:32:26] [COLOR red][Success]  3 Files Removed From /storage/emulated/0/Android/data/org.xbmc.kodi/files/.kodi/temp/temp [/COLOR]
[2019-12-19 22:32:26] Ignore Log File: kodi.log
[2019-12-19 22:32:21] [COLOR red][Success] Wiped /storage/emulated/0/Android/data/org.xbmc.kodi/files/.kodi/userdata/addon_data/script.module.simplecache [/COLOR]
[2019-12-19 22:28:05] [AUTO CLEAN UP][Packages: on]
[2019-12-19 22:28:05] [AUTO CLEAN UP][Cache: off]
[2019-12-19 21:19:58] [AUTO CLEAN UP][Packages: on]
[2019-12-19 21:19:57] [AUTO CLEAN UP][Cache: off]
[2019-12-19 20:04:24] [AUTO CLEAN UP][Packages: on]
[2019-12-19 20:04:24] [AUTO CLEAN UP][Cache: off]
[2019-12-19 02:30:48] [AUTO CLEAN UP][Packages: on]
[2019-12-19 02:30:48] [AUTO CLEAN UP][Cache: off]
[2019-12-19 02:01:23] Ignore Log File: kodi.log
[2019-12-19 01:49:22] Ignore Log File: kodi.log
[2019-12-19 01:48:36] [AUTO CLEAN UP][Packages: on]
[2019-12-19 01:48:24] [COLOR red][Success]  3 Files Removed From /storage/emulated/0/Android/data/org.xbmc.kodi/files/.kodi/temp/archive_cache [/COLOR]
[2019-12-19 01:48:24] [COLOR red][Success]  3 Files Removed From /storage/emulated/0/Android/data/org.xbmc.kodi/files/.kodi/temp/temp [/COLOR]
[2019-12-19 01:48:24] Ignore Log File: kodi.log
[2019-12-19 01:48:23] [COLOR red][Success] Wiped /storage/emulated/0/Android/data/org.xbmc.kodi/files/.kodi/userdata/addon_data/cache [/COLOR]
[2019-12-19 01:48:23] [COLOR red][Success] Wiped /storage/emulated/0/Android/data/org.xbmc.kodi/files/.kodi/userdata/addon_data/cache [/COLOR]
[2019-12-19 01:48:23] [COLOR red][Success] Wiped /storage/emulated/0/Android/data/org.xbmc.kodi/files/.kodi/userdata/addon_data/cache [/COLOR]
[2019-12-19 01:48:23] [COLOR red][Success] Wiped /storage/emulated/0/Android/data/org.xbmc.kodi/files/.kodi/userdata/addon_data/script.module.simplecache [/COLOR]
[2019-12-19 01:48:22] [AUTO CLEAN UP][Cache: on]
